<?xml version="1.0" encoding="UTF-8"?>
<!-- Generated by org.testng.reporters.JUnitReportReporter -->
<testsuite skipped="0" hostname="LAPTOP-942BEE7D" name="test.NewDepositTest" tests="1" failures="0" timestamp="2020-02-12T21:00:43 CST" time="15.856" errors="0">
  <testcase name="UserShouldAbleToDeposit" time="15.856" classname="test.NewDepositTest"/>
</testsuite> <!-- test.NewDepositTest -->
